<?xml version="1.0" encoding="UTF-8"?>
<!-- Generated by org.testng.reporters.JUnitReportReporter -->
<testsuite skipped="0" hostname="SRK" name="com.w2a.testcases.DataProviderFromExcel" tests="3" failures="0" timestamp="09 Nov 2020 12:33:03 GMT" time="8.731" errors="0">
  <testcase name="validateCreateCustWithValidKey" time="2.410" classname="com.w2a.testcases.DataProviderFromExcel"/>
  <testcase name="validateCreateCustWithValidKey" time="3.818" classname="com.w2a.testcases.DataProviderFromExcel"/>
  <testcase name="validateCreateCustWithValidKey" time="2.503" classname="com.w2a.testcases.DataProviderFromExcel"/>
</testsuite> <!-- com.w2a.testcases.DataProviderFromExcel -->
