<?xml version="1.0" encoding="UTF-8"?>
<!-- Generated by org.testng.reporters.JUnitReportReporter -->
<testsuite skipped="0" hostname="SRK" name="com.w2a.utilities.TestParameterization" tests="3" failures="0" timestamp="12 Nov 2020 04:55:35 GMT" time="0.008" errors="0">
  <testcase name="testData" time="0.000" classname="com.w2a.utilities.TestParameterization"/>
  <testcase name="testData" time="0.008" classname="com.w2a.utilities.TestParameterization"/>
  <testcase name="testData" time="0.000" classname="com.w2a.utilities.TestParameterization"/>
</testsuite> <!-- com.w2a.utilities.TestParameterization -->
