<?xml version="1.0" encoding="UTF-8"?>
<!-- Generated by org.testng.reporters.JUnitReportReporter -->
<testsuite skipped="0" hostname="SRK" name="com.w2a.testcases.DeleteCustomerTest" tests="2" failures="0" timestamp="13 Nov 2020 10:40:54 GMT" time="3.983" errors="0">
  <testcase name="deleteCustomer" time="2.722" classname="com.w2a.testcases.DeleteCustomerTest"/>
  <testcase name="deleteCustomer" time="1.261" classname="com.w2a.testcases.DeleteCustomerTest"/>
</testsuite> <!-- com.w2a.testcases.DeleteCustomerTest -->
